\BOOKMARK [1][]{section.1}{\376\377\0001\000\040\000C\000o\000p\000y\000r\000i\000g\000h\000t\000,\000\040\000C\000o\000n\000t\000r\000i\000b\000u\000t\000o\000r\000s\000\040\000a\000n\000d\000\040\000L\000i\000c\000e\000n\000s\000e}{}
\BOOKMARK [1][]{section.2}{\376\377\0002\000\040\000I\000n\000t\000r\000o\000d\000u\000c\000t\000i\000o\000n\000\040\000t\000o\000\040\000S\000p\000r\000e\000a\000d\000\040\000S\000h\000e\000e\000t\000s}{}
\BOOKMARK [2][-]{subsection.2.1}{\376\377\0002\000.\0001\000\040\000G\000e\000n\000e\000r\000a\000l\000\040\000I\000n\000t\000r\000o\000d\000u\000c\000t\000i\000o\000n}{section.2}
\BOOKMARK [2][-]{subsection.2.2}{\376\377\0002\000.\0002\000\040\000T\000h\000e\000\040\000F\000i\000r\000s\000t\000\040\000S\000t\000e\000p\000s}{section.2}
\BOOKMARK [2][-]{subsection.2.3}{\376\377\0002\000.\0003\000\040\000D\000i\000f\000f\000e\000r\000e\000n\000c\000e\000s\000\040\000B\000e\000t\000w\000e\000e\000n\000\040\000U\000s\000e\000r\000\040\000I\000n\000t\000e\000r\000f\000a\000c\000e\000s}{section.2}
\BOOKMARK [1][]{section.3}{\376\377\0003\000\040\000C\000o\000m\000m\000a\000n\000d\000\040\000M\000o\000d\000e}{}
\BOOKMARK [1][]{section.4}{\376\377\0004\000\040\000T\000h\000e\000\040\000L\000i\000n\000e\000\040\000E\000d\000i\000t\000o\000r}{}
\BOOKMARK [1][]{section.5}{\376\377\0005\000\040\000I\000n\000t\000e\000r\000a\000c\000t\000i\000v\000e\000\040\000F\000u\000n\000c\000t\000i\000o\000n\000s}{}
\BOOKMARK [2][-]{subsection.5.1}{\376\377\0005\000.\0001\000\040\000C\000e\000l\000l\000\040\000A\000t\000t\000r\000i\000b\000u\000t\000e\000s}{section.5}
\BOOKMARK [3][-]{subsubsection.5.1.1}{\376\377\0005\000.\0001\000.\0001\000\040\000P\000r\000e\000c\000i\000s\000i\000o\000n}{subsection.5.1}
\BOOKMARK [3][-]{subsubsection.5.1.2}{\376\377\0005\000.\0001\000.\0002\000\040\000E\000x\000p\000o\000n\000e\000n\000t\000i\000a\000l\000\040\000/\000\040\000D\000e\000c\000i\000m\000a\000l}{subsection.5.1}
\BOOKMARK [3][-]{subsubsection.5.1.3}{\376\377\0005\000.\0001\000.\0003\000\040\000A\000d\000j\000u\000s\000t\000m\000e\000n\000t}{subsection.5.1}
\BOOKMARK [3][-]{subsubsection.5.1.4}{\376\377\0005\000.\0001\000.\0004\000\040\000L\000a\000b\000e\000l}{subsection.5.1}
\BOOKMARK [3][-]{subsubsection.5.1.5}{\376\377\0005\000.\0001\000.\0005\000\040\000L\000o\000c\000k}{subsection.5.1}
\BOOKMARK [3][-]{subsubsection.5.1.6}{\376\377\0005\000.\0001\000.\0006\000\040\000I\000g\000n\000o\000r\000e}{subsection.5.1}
\BOOKMARK [3][-]{subsubsection.5.1.7}{\376\377\0005\000.\0001\000.\0007\000\040\000T\000r\000a\000n\000s\000p\000a\000r\000e\000n\000t}{subsection.5.1}
\BOOKMARK [3][-]{subsubsection.5.1.8}{\376\377\0005\000.\0001\000.\0008\000\040\000S\000h\000a\000d\000o\000w}{subsection.5.1}
\BOOKMARK [3][-]{subsubsection.5.1.9}{\376\377\0005\000.\0001\000.\0009\000\040\000C\000o\000l\000u\000m\000n\000\040\000W\000i\000d\000t\000h}{subsection.5.1}
\BOOKMARK [2][-]{subsection.5.2}{\376\377\0005\000.\0002\000\040\000B\000l\000o\000c\000k\000\040\000F\000u\000n\000c\000t\000i\000o\000n\000s}{section.5}
\BOOKMARK [3][-]{subsubsection.5.2.1}{\376\377\0005\000.\0002\000.\0001\000\040\000C\000o\000p\000y\000/\000M\000o\000v\000e}{subsection.5.2}
\BOOKMARK [3][-]{subsubsection.5.2.2}{\376\377\0005\000.\0002\000.\0002\000\040\000F\000i\000l\000l}{subsection.5.2}
\BOOKMARK [3][-]{subsubsection.5.2.3}{\376\377\0005\000.\0002\000.\0003\000\040\000C\000l\000e\000a\000r}{subsection.5.2}
\BOOKMARK [3][-]{subsubsection.5.2.4}{\376\377\0005\000.\0002\000.\0004\000\040\000I\000n\000s\000e\000r\000t}{subsection.5.2}
\BOOKMARK [3][-]{subsubsection.5.2.5}{\376\377\0005\000.\0002\000.\0005\000\040\000D\000e\000l\000e\000t\000e}{subsection.5.2}
\BOOKMARK [3][-]{subsubsection.5.2.6}{\376\377\0005\000.\0002\000.\0006\000\040\000S\000o\000r\000t}{subsection.5.2}
\BOOKMARK [3][-]{subsubsection.5.2.7}{\376\377\0005\000.\0002\000.\0007\000\040\000M\000i\000r\000r\000o\000r}{subsection.5.2}
\BOOKMARK [2][-]{subsection.5.3}{\376\377\0005\000.\0003\000\040\000S\000a\000v\000i\000n\000g\000\040\000a\000n\000d\000\040\000L\000o\000a\000d\000i\000n\000g}{section.5}
\BOOKMARK [3][-]{subsubsection.5.3.1}{\376\377\0005\000.\0003\000.\0001\000\040\000F\000i\000l\000e\000\040\000n\000a\000m\000e\000s}{subsection.5.3}
\BOOKMARK [3][-]{subsubsection.5.3.2}{\376\377\0005\000.\0003\000.\0002\000\040\000F\000i\000l\000e\000\040\000F\000o\000r\000m\000a\000t\000s}{subsection.5.3}
\BOOKMARK [2][-]{subsection.5.4}{\376\377\0005\000.\0004\000\040\000O\000t\000h\000e\000r\000\040\000F\000u\000n\000c\000t\000i\000o\000n\000s}{section.5}
\BOOKMARK [3][-]{subsubsection.5.4.1}{\376\377\0005\000.\0004\000.\0001\000\040\000G\000o\000t\000o\000\040\000L\000o\000c\000a\000t\000i\000o\000n}{subsection.5.4}
\BOOKMARK [3][-]{subsubsection.5.4.2}{\376\377\0005\000.\0004\000.\0002\000\040\000S\000h\000e\000l\000l}{subsection.5.4}
\BOOKMARK [3][-]{subsubsection.5.4.3}{\376\377\0005\000.\0004\000.\0003\000\040\000V\000e\000r\000s\000i\000o\000n}{subsection.5.4}
\BOOKMARK [3][-]{subsubsection.5.4.4}{\376\377\0005\000.\0004\000.\0004\000\040\000H\000e\000l\000p}{subsection.5.4}
\BOOKMARK [1][]{section.6}{\376\377\0006\000\040\000B\000a\000t\000c\000h\000\040\000f\000u\000n\000c\000t\000i\000o\000n\000s}{}
\BOOKMARK [1][]{section.7}{\376\377\0007\000\040\000E\000x\000p\000r\000e\000s\000s\000i\000o\000n\000s}{}
\BOOKMARK [2][-]{subsection.7.1}{\376\377\0007\000.\0001\000\040\000D\000a\000t\000a\000\040\000T\000y\000p\000e\000s}{section.7}
\BOOKMARK [2][-]{subsection.7.2}{\376\377\0007\000.\0002\000\040\000O\000p\000e\000r\000a\000t\000o\000r\000s}{section.7}
\BOOKMARK [2][-]{subsection.7.3}{\376\377\0007\000.\0003\000\040\000F\000u\000n\000c\000t\000i\000o\000n\000s}{section.7}
\BOOKMARK [2][-]{subsection.7.4}{\376\377\0007\000.\0004\000\040\000E\000x\000p\000r\000e\000s\000s\000i\000o\000n\000\040\000G\000r\000a\000m\000m\000a\000r}{section.7}
\BOOKMARK [1][]{section.8}{\376\377\0008\000\040\000F\000r\000e\000q\000u\000e\000n\000t\000l\000y\000\040\000A\000s\000k\000e\000d\000\040\000Q\000u\000e\000s\000t\000i\000o\000n\000s}{}
\BOOKMARK [2][-]{subsection.8.1}{\376\377\0008\000.\0001\000\040\000W\000h\000y\000\040\000i\000s\000\040\0001\000.\0000\000\040\000u\000n\000e\000q\000u\000a\000l\000\040\0001\000.\0000\000?}{section.8}
\BOOKMARK [2][-]{subsection.8.2}{\376\377\0008\000.\0002\000\040\000H\000o\000w\000\040\000d\000o\000\040\000I\000\040\000h\000i\000d\000e\000\040\000i\000n\000t\000e\000r\000m\000e\000d\000i\000a\000t\000e\000\040\000r\000e\000s\000u\000l\000t\000s\000?}{section.8}
\BOOKMARK [2][-]{subsection.8.3}{\376\377\0008\000.\0003\000\040\000W\000h\000y\000\040\000i\000s\000\040\000t\000h\000e\000r\000e\000\040\000n\000o\000\040\000c\000o\000n\000d\000i\000t\000i\000o\000n\000a\000l\000\040\000e\000v\000a\000l\000u\000a\000t\000i\000o\000n\000?}{section.8}
